2024-05-09 12:36:58,153 [INFO] Activator:176 - 


2024-05-09 12:36:58,155 [INFO] Activator:177 - !SESSION log4j initialized
2024-05-09 12:37:00,329 [INFO] LogOutputStream:77 - [STDOUT_REDIRECT] 
2024-05-09 12:37:07,389 [INFO] ApplicationProperties:184 - Using Application install path: D:\STM32CubeIDE_1.15.0\STM32CubeIDE\plugins\com.st.stm32cube.common.mx_6.11.0.202403141607
2024-05-09 12:37:07,404 [INFO] DbMcusXml:78 - Set database path to: D:\STM32CubeIDE_1.15.0\STM32CubeIDE\plugins\com.st.stm32cube.common.mx_6.11.0.202403141607\\db\/mcu/
2024-05-09 12:37:07,404 [INFO] ApiDb:274 - Set plugin database path to: D:\STM32CubeIDE_1.15.0\STM32CubeIDE\plugins\com.st.stm32cube.common.mx_6.11.0.202403141607\\db\/plugins/boardmanager/
2024-05-09 12:37:07,410 [WARN] ApiDb:259 - Overriding images path with different value:  => D:\STM32CubeIDE_1.15.0\STM32CubeIDE\plugins\com.st.stm32cube.common.mx_6.11.0.202403141607\\db\/plugins/mcufinder/images/
2024-05-09 12:37:07,416 [INFO] ApiDb:250 - Set database path to: C:\Users\mihol\.stmcufinder\plugins\mcufinder//mcu/
2024-05-09 12:37:07,417 [INFO] DbMcusAds:125 - Set database path to: C:\Users\mihol\.stmcufinder\plugins\mcufinder//mcu/
2024-05-09 12:37:07,419 [INFO] CrossReferenceDbSqlite:203 - Set database path to: C:\Users\mihol\.stmcufinder\plugins\mcufinder//mcu/cs/
2024-05-09 12:37:07,514 [INFO] RulesReader:64 - Compatibility file has been processed (297 Rules)
2024-05-09 12:37:07,586 [INFO] DbMcusXml:78 - Set database path to: D:\STM32CubeIDE_1.15.0\STM32CubeIDE\plugins\com.st.stm32cube.common.mx_6.11.0.202403141607\\db\/mcu/
2024-05-09 12:37:07,586 [INFO] ApiDb:274 - Set plugin database path to: D:\STM32CubeIDE_1.15.0\STM32CubeIDE\plugins\com.st.stm32cube.common.mx_6.11.0.202403141607\\db\/plugins/boardmanager/
2024-05-09 12:37:07,586 [INFO] ApiDb:261 - Set plugin images path to: D:\STM32CubeIDE_1.15.0\STM32CubeIDE\plugins\com.st.stm32cube.common.mx_6.11.0.202403141607\\db\/plugins/mcufinder/images/
2024-05-09 12:37:07,586 [WARN] DbFile:41 - Overriding database path with different value: C:\Users\mihol\.stmcufinder\plugins\mcufinder/ => C:\Users\mihol\.stmcufinder\plugins\mcufinder
2024-05-09 12:37:07,587 [INFO] ApiDb:250 - Set database path to: C:\Users\mihol\.stmcufinder\plugins\mcufinder//mcu/
2024-05-09 12:37:07,587 [WARN] DbFile:41 - Overriding database path with different value: C:\Users\mihol\.stmcufinder\plugins\mcufinder/ => C:\Users\mihol\.stmcufinder\plugins\mcufinder
2024-05-09 12:37:07,587 [INFO] DbMcusAds:125 - Set database path to: C:\Users\mihol\.stmcufinder\plugins\mcufinder//mcu/
2024-05-09 12:37:07,587 [WARN] DbFile:41 - Overriding database path with different value: C:\Users\mihol\.stmcufinder\plugins\mcufinder/ => C:\Users\mihol\.stmcufinder\plugins\mcufinder
2024-05-09 12:37:07,587 [WARN] DbFile:41 - Overriding database path with different value: C:\Users\mihol\.stmcufinder\plugins\mcufinder/ => C:\Users\mihol\.stmcufinder\plugins\mcufinder
2024-05-09 12:37:07,587 [INFO] CrossReferenceDbSqlite:203 - Set database path to: C:\Users\mihol\.stmcufinder\plugins\mcufinder//mcu/cs/
2024-05-09 12:37:07,655 [INFO] MainPanel:264 - HeapMemory: 268435456
2024-05-09 12:37:07,719 [INFO] DbMcusXml:78 - Set database path to: D:\STM32CubeIDE_1.15.0\STM32CubeIDE\plugins\com.st.stm32cube.common.mx_6.11.0.202403141607\\db\/mcu/
2024-05-09 12:37:07,719 [INFO] ApiDb:274 - Set plugin database path to: D:\STM32CubeIDE_1.15.0\STM32CubeIDE\plugins\com.st.stm32cube.common.mx_6.11.0.202403141607\\db\/plugins/boardmanager/
2024-05-09 12:37:07,719 [INFO] ApiDb:261 - Set plugin images path to: D:\STM32CubeIDE_1.15.0\STM32CubeIDE\plugins\com.st.stm32cube.common.mx_6.11.0.202403141607\\db\/plugins/mcufinder/images/
2024-05-09 12:37:07,719 [WARN] DbFile:41 - Overriding database path with different value: C:\Users\mihol\.stmcufinder\plugins\mcufinder/ => C:\Users\mihol\.stmcufinder\plugins\mcufinder
2024-05-09 12:37:07,720 [INFO] ApiDb:250 - Set database path to: C:\Users\mihol\.stmcufinder\plugins\mcufinder//mcu/
2024-05-09 12:37:07,720 [WARN] DbFile:41 - Overriding database path with different value: C:\Users\mihol\.stmcufinder\plugins\mcufinder/ => C:\Users\mihol\.stmcufinder\plugins\mcufinder
2024-05-09 12:37:07,720 [INFO] DbMcusAds:125 - Set database path to: C:\Users\mihol\.stmcufinder\plugins\mcufinder//mcu/
2024-05-09 12:37:07,720 [WARN] DbFile:41 - Overriding database path with different value: C:\Users\mihol\.stmcufinder\plugins\mcufinder/ => C:\Users\mihol\.stmcufinder\plugins\mcufinder
2024-05-09 12:37:07,720 [WARN] DbFile:41 - Overriding database path with different value: C:\Users\mihol\.stmcufinder\plugins\mcufinder/ => C:\Users\mihol\.stmcufinder\plugins\mcufinder
2024-05-09 12:37:07,720 [INFO] CrossReferenceDbSqlite:203 - Set database path to: C:\Users\mihol\.stmcufinder\plugins\mcufinder//mcu/cs/
2024-05-09 12:37:07,737 [INFO] ApplicationProperties:184 - Using Application install path: D:\STM32CubeIDE_1.15.0\STM32CubeIDE\plugins\com.st.stm32cube.common.mx_6.11.0.202403141607
2024-05-09 12:37:07,738 [INFO] PluginManage:196 - Search for loadable plugins [exclusion list=, ]
2024-05-09 12:37:07,739 [INFO] PluginManage:310 - Check plugin analytics
2024-05-09 12:37:12,449 [INFO] AnalyticsPlugin:253 - Accepted Software Licenses: 
2024-05-09 12:37:12,449 [INFO] AnalyticsPlugin:255 - Accepted CMSIS Pack Licenses: 
2024-05-09 12:37:12,449 [INFO] AnalyticsPlugin:257 - Accepted Firmware Licenses: FW.F4.1.28.0
2024-05-09 12:37:12,453 [INFO] PluginManage:359 - Loaded plugin analytics (category:tool,tabindex:-1)
2024-05-09 12:37:12,455 [INFO] PluginManage:310 - Check plugin cadmodel
2024-05-09 12:37:12,460 [INFO] CADModel:105 - Init CAD model plugin
2024-05-09 12:37:12,461 [INFO] PluginManage:359 - Loaded plugin cadmodel (category:power,tabindex:5)
2024-05-09 12:37:12,461 [INFO] PluginManage:310 - Check plugin clock
2024-05-09 12:37:12,470 [INFO] PluginManage:359 - Loaded plugin clock (category:base,tabindex:2)
2024-05-09 12:37:12,470 [INFO] PluginManage:310 - Check plugin ddr
2024-05-09 12:37:12,472 [INFO] PluginManage:359 - Loaded plugin ddr (category:tool,tabindex:6)
2024-05-09 12:37:12,472 [INFO] PluginManage:310 - Check plugin filemanager
2024-05-09 12:37:12,621 [INFO] PluginManage:359 - Loaded plugin filemanager (category:base,tabindex:10)
2024-05-09 12:37:12,622 [INFO] PluginManage:310 - Check plugin ipmanager
2024-05-09 12:37:12,631 [INFO] PluginManage:359 - Loaded plugin ipmanager (category:base,tabindex:5)
2024-05-09 12:37:12,631 [INFO] PluginManage:310 - Check plugin lpbam
2024-05-09 12:37:12,640 [INFO] PluginManage:359 - Loaded plugin lpbam (category:base,tabindex:0)
2024-05-09 12:37:12,640 [INFO] PluginManage:310 - Check plugin memorymap
2024-05-09 12:37:12,652 [INFO] PluginManage:359 - Loaded plugin memorymap (category:base,tabindex:4)
2024-05-09 12:37:12,652 [INFO] PluginManage:310 - Check plugin pinoutandconfiguration
2024-05-09 12:37:12,661 [INFO] PluginManage:359 - Loaded plugin pinoutandconfiguration (category:base,tabindex:1)
2024-05-09 12:37:12,661 [INFO] PluginManage:310 - Check plugin pinoutconfig
2024-05-09 12:37:12,758 [WARN] SupportedApi:132 - Cannot load RTOS API schema: s4s-elt-must-match.1: The content of 'definitions' must match (annotation?, (simpleType | complexType)?, (unique | key | keyref)*)). A problem was found starting at: attribute.
2024-05-09 12:37:12,911 [INFO] PluginManage:359 - Loaded plugin pinoutconfig (category:base,tabindex:0)
2024-05-09 12:37:12,911 [INFO] PluginManage:310 - Check plugin power
2024-05-09 12:37:12,919 [INFO] PluginManage:359 - Loaded plugin power (category:power,tabindex:4)
2024-05-09 12:37:12,920 [INFO] PluginManage:310 - Check plugin projectmanager
2024-05-09 12:37:12,957 [INFO] PluginManage:359 - Loaded plugin projectmanager (category:projectmanager,tabindex:3)
2024-05-09 12:37:12,957 [INFO] PluginManage:310 - Check plugin thirdparty
2024-05-09 12:37:13,106 [INFO] PluginManage:359 - Loaded plugin thirdparty (category:base,tabindex:-1)
2024-05-09 12:37:13,106 [INFO] PluginManage:310 - Check plugin tools
2024-05-09 12:37:13,106 [WARN] IntegrityCheckThread:84 - waiting for thirdparty lock release [integrity check]
2024-05-09 12:37:13,108 [INFO] PluginManage:359 - Loaded plugin tools (category:base,tabindex:7)
2024-05-09 12:37:13,109 [INFO] IntegrityCheckThread:86 - entering critical section [integrity check]
2024-05-09 12:37:13,109 [INFO] PluginManage:310 - Check plugin tutovideos
2024-05-09 12:37:13,109 [INFO] ThirdPartyUpdaterWithRetryManager:70 - Updater plugin not ready yet. [1/15]
2024-05-09 12:37:13,284 [INFO] PluginManage:359 - Loaded plugin tutovideos (category:base,tabindex:-1)
2024-05-09 12:37:13,284 [INFO] PluginManage:310 - Check plugin updater
2024-05-09 12:37:13,293 [INFO] PluginManage:359 - Loaded plugin updater (category:base,tabindex:12)
2024-05-09 12:37:13,293 [INFO] PluginManage:310 - Check plugin userauth
2024-05-09 12:37:13,297 [INFO] UserAuth:114 - Init User Auth plugin
2024-05-09 12:37:13,298 [INFO] PluginManage:359 - Loaded plugin userauth (category:base,tabindex:14)
2024-05-09 12:37:13,298 [INFO] PluginManage:283 - PluginManage : Loaded plugins [17]
2024-05-09 12:37:13,665 [INFO] PinOutPanel:1561 - setPackage(No Configuration,No Configuration)
2024-05-09 12:37:13,757 [INFO] CADModel:165 - CPN selected for project level
2024-05-09 12:37:13,758 [INFO] CADModel:114 - Register for checkConnection events
2024-05-09 12:37:13,776 [INFO] IPUIPlugin:80 - create IPUIPlugin
2024-05-09 12:37:13,776 [INFO] PluginManager:220 - loadIPPluginJar : add adc
2024-05-09 12:37:13,778 [INFO] IPUIPlugin:80 - create IPUIPlugin
2024-05-09 12:37:13,778 [INFO] PluginManager:220 - loadIPPluginJar : add aes
2024-05-09 12:37:13,781 [INFO] IPUIPlugin:80 - create IPUIPlugin
2024-05-09 12:37:13,781 [INFO] PluginManager:220 - loadIPPluginJar : add can
2024-05-09 12:37:13,783 [INFO] IPUIPlugin:80 - create IPUIPlugin
2024-05-09 12:37:13,783 [INFO] PluginManager:220 - loadIPPluginJar : add comp
2024-05-09 12:37:13,785 [INFO] IPUIPlugin:80 - create IPUIPlugin
2024-05-09 12:37:13,785 [INFO] PluginManager:220 - loadIPPluginJar : add cryp
2024-05-09 12:37:13,788 [INFO] IPUIPlugin:80 - create IPUIPlugin
2024-05-09 12:37:13,788 [INFO] PluginManager:220 - loadIPPluginJar : add dfsdm
2024-05-09 12:37:13,796 [INFO] IPUIPlugin:80 - create IPUIPlugin
2024-05-09 12:37:13,797 [INFO] PluginManager:220 - loadIPPluginJar : add dma
2024-05-09 12:37:13,799 [INFO] IPUIPlugin:80 - create IPUIPlugin
2024-05-09 12:37:13,799 [INFO] PluginManager:220 - loadIPPluginJar : add dma3
2024-05-09 12:37:13,802 [INFO] IPUIPlugin:80 - create IPUIPlugin
2024-05-09 12:37:13,803 [INFO] PluginManager:220 - loadIPPluginJar : add extmemmanager
2024-05-09 12:37:13,804 [INFO] IPUIPlugin:80 - create IPUIPlugin
2024-05-09 12:37:13,804 [INFO] PluginManager:220 - loadIPPluginJar : add fatfs
2024-05-09 12:37:13,808 [INFO] IPUIPlugin:80 - create IPUIPlugin
2024-05-09 12:37:13,809 [INFO] PluginManager:220 - loadIPPluginJar : add fmc
2024-05-09 12:37:13,818 [INFO] IPUIPlugin:80 - create IPUIPlugin
2024-05-09 12:37:13,819 [INFO] PluginManager:220 - loadIPPluginJar : add freertos
2024-05-09 12:37:13,821 [INFO] IPUIPlugin:80 - create IPUIPlugin
2024-05-09 12:37:13,821 [INFO] PluginManager:220 - loadIPPluginJar : add genericplugin
2024-05-09 12:37:13,823 [INFO] IPUIPlugin:80 - create IPUIPlugin
2024-05-09 12:37:13,823 [INFO] PluginManager:220 - loadIPPluginJar : add gfxmmu
2024-05-09 12:37:13,829 [INFO] IPUIPlugin:80 - create IPUIPlugin
2024-05-09 12:37:13,829 [INFO] PluginManager:220 - loadIPPluginJar : add gic
2024-05-09 12:37:13,833 [INFO] IPUIPlugin:80 - create IPUIPlugin
2024-05-09 12:37:13,834 [INFO] PluginManager:220 - loadIPPluginJar : add gpio
2024-05-09 12:37:13,836 [INFO] IPUIPlugin:80 - create IPUIPlugin
2024-05-09 12:37:13,837 [INFO] PluginManager:220 - loadIPPluginJar : add gtzc
2024-05-09 12:37:13,839 [INFO] IPUIPlugin:80 - create IPUIPlugin
2024-05-09 12:37:13,839 [INFO] PluginManager:220 - loadIPPluginJar : add hash
2024-05-09 12:37:13,843 [INFO] IPUIPlugin:80 - create IPUIPlugin
2024-05-09 12:37:13,843 [INFO] PluginManager:220 - loadIPPluginJar : add i2c
2024-05-09 12:37:13,846 [INFO] IPUIPlugin:80 - create IPUIPlugin
2024-05-09 12:37:13,846 [INFO] PluginManager:220 - loadIPPluginJar : add i2s
2024-05-09 12:37:13,849 [INFO] IPUIPlugin:80 - create IPUIPlugin
2024-05-09 12:37:13,849 [INFO] PluginManager:220 - loadIPPluginJar : add i3c
2024-05-09 12:37:13,852 [INFO] IPUIPlugin:80 - create IPUIPlugin
2024-05-09 12:37:13,852 [INFO] PluginManager:220 - loadIPPluginJar : add ipddr
2024-05-09 12:37:13,860 [INFO] IPUIPlugin:80 - create IPUIPlugin
2024-05-09 12:37:13,861 [INFO] PluginManager:220 - loadIPPluginJar : add linkedlist
2024-05-09 12:37:13,865 [INFO] IPUIPlugin:80 - create IPUIPlugin
2024-05-09 12:37:13,866 [INFO] PluginManager:220 - loadIPPluginJar : add lorawan
2024-05-09 12:37:13,867 [INFO] IPUIPlugin:80 - create IPUIPlugin
2024-05-09 12:37:13,869 [INFO] PluginManager:220 - loadIPPluginJar : add ltdc
2024-05-09 12:37:13,878 [INFO] IPUIPlugin:80 - create IPUIPlugin
2024-05-09 12:37:13,878 [INFO] PluginManager:220 - loadIPPluginJar : add mdma
2024-05-09 12:37:13,881 [INFO] IPUIPlugin:80 - create IPUIPlugin
2024-05-09 12:37:13,881 [INFO] PluginManager:220 - loadIPPluginJar : add nvic
2024-05-09 12:37:13,885 [INFO] IPUIPlugin:80 - create IPUIPlugin
2024-05-09 12:37:13,885 [INFO] PluginManager:220 - loadIPPluginJar : add opamp
2024-05-09 12:37:13,889 [INFO] IPUIPlugin:80 - create IPUIPlugin
2024-05-09 12:37:13,889 [INFO] PluginManager:220 - loadIPPluginJar : add openamp
2024-05-09 12:37:13,893 [INFO] IPUIPlugin:80 - create IPUIPlugin
2024-05-09 12:37:13,893 [INFO] PluginManager:220 - loadIPPluginJar : add pdm2pcm
2024-05-09 12:37:13,900 [INFO] IPUIPlugin:80 - create IPUIPlugin
2024-05-09 12:37:13,902 [INFO] PluginManager:220 - loadIPPluginJar : add plateformsettings
2024-05-09 12:37:13,905 [INFO] IPUIPlugin:80 - create IPUIPlugin
2024-05-09 12:37:13,905 [INFO] PluginManager:220 - loadIPPluginJar : add quadspi
2024-05-09 12:37:13,910 [INFO] IPUIPlugin:80 - create IPUIPlugin
2024-05-09 12:37:13,911 [INFO] PluginManager:220 - loadIPPluginJar : add resmgrutility
2024-05-09 12:37:13,914 [INFO] IPUIPlugin:80 - create IPUIPlugin
2024-05-09 12:37:13,918 [INFO] PluginManager:220 - loadIPPluginJar : add sai
2024-05-09 12:37:13,921 [INFO] IPUIPlugin:80 - create IPUIPlugin
2024-05-09 12:37:13,921 [INFO] PluginManager:220 - loadIPPluginJar : add spi
2024-05-09 12:37:13,927 [INFO] IPUIPlugin:80 - create IPUIPlugin
2024-05-09 12:37:13,927 [INFO] PluginManager:220 - loadIPPluginJar : add stm32_wpan
2024-05-09 12:37:13,929 [INFO] IPUIPlugin:80 - create IPUIPlugin
2024-05-09 12:37:13,929 [INFO] PluginManager:220 - loadIPPluginJar : add tim
2024-05-09 12:37:13,932 [INFO] IPUIPlugin:80 - create IPUIPlugin
2024-05-09 12:37:13,933 [INFO] PluginManager:220 - loadIPPluginJar : add touchsensing
2024-05-09 12:37:13,935 [INFO] IPUIPlugin:80 - create IPUIPlugin
2024-05-09 12:37:13,935 [INFO] PluginManager:220 - loadIPPluginJar : add tracer_emb
2024-05-09 12:37:13,937 [INFO] IPUIPlugin:80 - create IPUIPlugin
2024-05-09 12:37:13,937 [INFO] PluginManager:220 - loadIPPluginJar : add ts
2024-05-09 12:37:13,939 [INFO] IPUIPlugin:80 - create IPUIPlugin
2024-05-09 12:37:13,939 [INFO] PluginManager:220 - loadIPPluginJar : add tsc
2024-05-09 12:37:13,940 [INFO] IPUIPlugin:80 - create IPUIPlugin
2024-05-09 12:37:13,941 [INFO] PluginManager:220 - loadIPPluginJar : add ucpd
2024-05-09 12:37:13,945 [INFO] IPUIPlugin:80 - create IPUIPlugin
2024-05-09 12:37:13,945 [INFO] PluginManager:220 - loadIPPluginJar : add usart
2024-05-09 12:37:13,948 [INFO] IPUIPlugin:80 - create IPUIPlugin
2024-05-09 12:37:13,948 [INFO] PluginManager:220 - loadIPPluginJar : add usbx
2024-05-09 12:37:14,078 [INFO] CADModel:165 - CPN selected for project level
2024-05-09 12:37:14,079 [INFO] CADModel:114 - Register for checkConnection events
2024-05-09 12:37:14,079 [FATAL] Updater:308 - Updater called before beeing initialized
2024-05-09 12:37:14,079 [ERROR] CADModel:125 - Updater not yet initialized, retry later 
2024-05-09 12:37:14,201 [INFO] CADModel:165 - CPN selected for project level
2024-05-09 12:37:14,201 [INFO] CADModel:114 - Register for checkConnection events
2024-05-09 12:37:14,201 [FATAL] Updater:308 - Updater called before beeing initialized
2024-05-09 12:37:14,201 [ERROR] CADModel:125 - Updater not yet initialized, retry later 
2024-05-09 12:37:14,205 [FATAL] Updater:308 - Updater called before beeing initialized
2024-05-09 12:37:14,467 [FATAL] Updater:308 - Updater called before beeing initialized
2024-05-09 12:37:14,472 [INFO] DbMcusAds:53 - JSON generation date=Wed Nov 29 12:52:27 EET 2023 (1701255147349)
2024-05-09 12:37:14,472 [FATAL] Updater:308 - Updater called before beeing initialized
2024-05-09 12:37:14,518 [WARN] DetailPanel:346 - Failed to get advertising image, set to default
2024-05-09 12:37:14,619 [FATAL] Updater:308 - Updater called before beeing initialized
2024-05-09 12:37:14,620 [FATAL] Updater:308 - Updater called before beeing initialized
2024-05-09 12:37:14,620 [FATAL] Updater:308 - Updater called before beeing initialized
2024-05-09 12:37:14,621 [WARN] DetailPanel:346 - Failed to get advertising image, set to default
2024-05-09 12:37:14,621 [FATAL] Updater:308 - Updater called before beeing initialized
2024-05-09 12:37:14,669 [ERROR] Updater:1120 - MainUpdater not yet initialized. External WinMGr cannot be set.
2024-05-09 12:37:14,671 [INFO] Updater:1056 - Updater Version found : 6.11.0
2024-05-09 12:37:14,689 [INFO] ApplicationProperties:184 - Using Application install path: D:\STM32CubeIDE_1.15.0\STM32CubeIDE\plugins\com.st.stm32cube.common.mx_6.11.0.202403141607
2024-05-09 12:37:16,111 [INFO] ThirdPartyUpdaterWithRetryManager:70 - Updater plugin not ready yet. [2/15]
2024-05-09 12:37:16,272 [ERROR] LogOutputStream:75 - [STDERR_REDIRECT] May 09, 2024 12:37:16 PM java.util.prefs.WindowsPreferences <init>
2024-05-09 12:37:16,275 [ERROR] LogOutputStream:75 - [STDERR_REDIRECT] WARNING: Could not open/create prefs root node Software\JavaSoft\Prefs at root 0xffffffff80000002. Windows RegCreateKeyEx(...) returned error code 5.
2024-05-09 12:37:16,276 [ERROR] LogOutputStream:75 - [STDERR_REDIRECT] 
2024-05-09 12:37:16,627 [INFO] MainUpdater:2873 - connection check result : 10
2024-05-09 12:37:16,628 [INFO] MainUpdater:290 - Updater Check For Update Now.
2024-05-09 12:37:16,629 [INFO] MicroXplorer:498 - Change Database Version : DB.6.0.110
2024-05-09 12:37:16,634 [INFO] McuFinderGlobals:63 - Set McuFinder mode to 2 (CubeIDE integrated)
2024-05-09 12:37:16,641 [INFO] UserAuth:415 - Internet connection configuration mode: 1
2024-05-09 12:37:16,653 [INFO] JxBrowserEngine:152 - Initiate JxBrowser Engine with user profile folder
2024-05-09 12:37:16,951 [INFO] CheckServerUpdateThread:120 - End of CheckServer Thread
2024-05-09 12:37:18,398 [INFO] WebApp:161 - Instantiating new browser for Auth
2024-05-09 12:37:19,471 [WARN] PackLoader:240 - Cannot read IP mode file for STMicroelectronics.FP-SNS-MOTENVWB1.1.4.0
2024-05-09 12:37:19,482 [WARN] PackLoader:240 - Cannot read IP mode file for STMicroelectronics.X-CUBE-SMBUS.2.1.0
2024-05-09 12:37:19,487 [WARN] PackLoader:240 - Cannot read IP mode file for STMicroelectronics.X-CUBE-TOUCHGFX.4.23.1
2024-05-09 12:37:19,491 [WARN] PackLoader:240 - Cannot read IP mode file for STMicroelectronics.X-CUBE-TOUCHGFX.4.23.2
2024-05-09 12:37:19,517 [WARN] PackLoader:240 - Cannot read IP mode file for STMicroelectronics.X-CUBE-AZRTOS-F7.1.1.0
2024-05-09 12:37:19,526 [WARN] PackLoader:240 - Cannot read IP mode file for STMicroelectronics.FP-SNS-FLIGHT1.5.0.2
2024-05-09 12:37:19,536 [WARN] PackLoader:240 - Cannot read IP mode file for STMicroelectronics.X-CUBE-DISPLAY.3.0.0
2024-05-09 12:37:19,583 [WARN] PackLoader:240 - Cannot read IP mode file for STMicroelectronics.X-CUBE-BLE1.7.0.0
2024-05-09 12:37:19,590 [WARN] PackLoader:240 - Cannot read IP mode file for emotas.I-CUBE-CANOPEN.1.3.0
2024-05-09 12:37:19,604 [WARN] PackLoader:240 - Cannot read IP mode file for STMicroelectronics.X-CUBE-BLEMGR.3.1.0
2024-05-09 12:37:19,611 [WARN] PackLoader:240 - Cannot read IP mode file for STMicroelectronics.FP-SNS-SMARTAG2.1.2.0
2024-05-09 12:37:19,622 [INFO] LogOutputStream:77 - [STDOUT_REDIRECT] 1 : Invalid condition id : UX_CORESTACK_Condition cause : null
2024-05-09 12:37:19,623 [INFO] LogOutputStream:77 - [STDOUT_REDIRECT] 1 : Invalid condition id : UX_CORESTACK_Condition cause : null
2024-05-09 12:37:19,624 [INFO] LogOutputStream:77 - [STDOUT_REDIRECT] 1 : Invalid condition id : UX_CORESTACK_Condition cause : null
2024-05-09 12:37:19,625 [INFO] LogOutputStream:77 - [STDOUT_REDIRECT] 1 : Invalid condition id : UX_CORESTACK_Condition cause : null
2024-05-09 12:37:19,626 [INFO] LogOutputStream:77 - [STDOUT_REDIRECT] 1 : Invalid condition id : UX_CORESTACK_Condition cause : null
2024-05-09 12:37:19,638 [WARN] PackLoader:240 - Cannot read IP mode file for STMicroelectronics.X-CUBE-AZRTOS-WL.2.0.0
2024-05-09 12:37:19,650 [WARN] PackLoader:240 - Cannot read IP mode file for STMicroelectronics.FP-SNS-MOTENV1.5.0.0
2024-05-09 12:37:19,660 [WARN] PackLoader:240 - Cannot read IP mode file for WES.I-CUBE-Cesium.1.3.0
2024-05-09 12:37:19,667 [WARN] PackLoader:240 - Cannot read IP mode file for STMicroelectronics.X-CUBE-BLE2.3.3.0
2024-05-09 12:37:19,674 [WARN] PackLoader:240 - Cannot read IP mode file for STMicroelectronics.X-CUBE-TCPP.4.1.0
2024-05-09 12:37:19,683 [WARN] PackLoader:240 - Cannot read IP mode file for STMicroelectronics.X-CUBE-ALGOBUILD.1.3.0
2024-05-09 12:37:19,717 [WARN] PackLoader:240 - Cannot read IP mode file for STMicroelectronics.X-CUBE-AZRTOS-G0.1.1.0
2024-05-09 12:37:19,741 [WARN] PackLoader:240 - Cannot read IP mode file for STMicroelectronics.X-CUBE-SAFEA1.1.2.2
2024-05-09 12:37:19,757 [WARN] PackLoader:240 - Cannot read IP mode file for STMicroelectronics.X-CUBE-NFC4.3.0.0
2024-05-09 12:37:19,762 [WARN] PackLoader:240 - Cannot read IP mode file for wolfSSL.I-CUBE-wolfSSL.5.7.0
2024-05-09 12:37:19,766 [WARN] PackLoader:240 - Cannot read IP mode file for STMicroelectronics.FP-ATR-SIGFOX1.3.2.0
2024-05-09 12:37:19,772 [WARN] PackLoader:240 - Cannot read IP mode file for STMicroelectronics.X-CUBE-EEPRMA1.5.1.0
2024-05-09 12:37:19,808 [WARN] PackLoader:240 - Cannot read IP mode file for SEGGER.I-CUBE-embOS.1.3.1
2024-05-09 12:37:19,860 [WARN] PackLoader:240 - Cannot read IP mode file for STMicroelectronics.X-CUBE-ALGOBUILD.1.4.0
2024-05-09 12:37:19,867 [WARN] PackLoader:240 - Cannot read IP mode file for STMicroelectronics.X-CUBE-GNSS1.6.0.0
2024-05-09 12:37:19,888 [WARN] PackLoader:240 - Cannot read IP mode file for STMicroelectronics.X-CUBE-AZRTOS-F4.1.1.0
2024-05-09 12:37:19,896 [WARN] PackLoader:240 - Cannot read IP mode file for STMicroelectronics.X-CUBE-FREERTOS.1.2.0
2024-05-09 12:37:19,913 [WARN] PackLoader:240 - Cannot read IP mode file for STMicroelectronics.X-CUBE-AZRTOS-L5.2.0.0
2024-05-09 12:37:19,922 [WARN] PackLoader:240 - Cannot read IP mode file for STMicroelectronics.X-CUBE-NFC6.3.1.0
2024-05-09 12:37:19,932 [WARN] PackLoader:240 - Cannot read IP mode file for ITTIA_DB.I-CUBE-ITTIADB.8.8.0
2024-05-09 12:37:19,936 [WARN] PackLoader:240 - Cannot read IP mode file for STMicroelectronics.X-CUBE-AI.9.0.0
2024-05-09 12:37:19,942 [WARN] PackLoader:240 - Cannot read IP mode file for STMicroelectronics.X-CUBE-NFC7.1.0.1
2024-05-09 12:37:19,946 [WARN] PackLoader:240 - Cannot read IP mode file for STMicroelectronics.X-CUBE-AI.8.1.0
2024-05-09 12:37:19,997 [WARN] ConditionMgr:438 - getConditionDescription Invalid condition id : LAN8742 Phy interface Condition cause : null
2024-05-09 12:37:19,997 [WARN] PackLoader:240 - Cannot read IP mode file for STMicroelectronics.X-CUBE-AZRTOS-L4.2.0.0
2024-05-09 12:37:19,999 [WARN] ConditionMgr:1039 - genDependencies : Invalid condition id : LAN8742 Phy interface Condition cause : null
2024-05-09 12:37:19,999 [WARN] ConditionMgr:1039 - genDependencies : Invalid condition id : LAN8742 Phy interface Condition cause : null
2024-05-09 12:37:19,999 [WARN] ConditionMgr:1039 - genDependencies : Invalid condition id : LAN8742 Phy interface Condition cause : null
2024-05-09 12:37:20,007 [WARN] PackLoader:240 - Cannot read IP mode file for STMicroelectronics.X-CUBE-SFXS2LP1.4.0.0
2024-05-09 12:37:20,019 [WARN] ConditionMgr:438 - getConditionDescription Invalid condition id : UX DEVICE CLASS RTOS Condition cause : null
2024-05-09 12:37:20,019 [WARN] ConditionMgr:438 - getConditionDescription Invalid condition id : UX DEVICE CLASS RTOS Condition cause : null
2024-05-09 12:37:20,021 [WARN] PackLoader:240 - Cannot read IP mode file for STMicroelectronics.X-CUBE-AZRTOS-WB.2.0.0
2024-05-09 12:37:20,021 [WARN] ConditionMgr:1039 - genDependencies : Invalid condition id : UX DEVICE CLASS RTOS Condition cause : null
2024-05-09 12:37:20,021 [WARN] ConditionMgr:1039 - genDependencies : Invalid condition id : UX DEVICE CLASS RTOS Condition cause : null
2024-05-09 12:37:20,022 [WARN] ConditionMgr:1039 - genDependencies : Invalid condition id : UX DEVICE CLASS RTOS Condition cause : null
2024-05-09 12:37:20,022 [WARN] ConditionMgr:1039 - genDependencies : Invalid condition id : UX DEVICE CLASS RTOS Condition cause : null
2024-05-09 12:37:20,022 [WARN] ConditionMgr:1039 - genDependencies : Invalid condition id : UX DEVICE CLASS RTOS Condition cause : null
2024-05-09 12:37:20,031 [WARN] PackLoader:240 - Cannot read IP mode file for STMicroelectronics.X-CUBE-SUBG2.5.0.0
2024-05-09 12:37:20,048 [WARN] PackLoader:240 - Cannot read IP mode file for STMicroelectronics.X-CUBE-AZRTOS-G4.2.0.0
2024-05-09 12:37:20,061 [WARN] PackLoader:240 - Cannot read IP mode file for Infineon.AIROC-Wi-Fi-Bluetooth-STM32.1.5.1
2024-05-09 12:37:20,066 [WARN] PackLoader:240 - Cannot read IP mode file for STMicroelectronics.FP-SNS-MOTENVWB1.1.3.1
2024-05-09 12:37:20,075 [WARN] PackLoader:240 - Cannot read IP mode file for STMicroelectronics.X-CUBE-ISPU.2.0.0
2024-05-09 12:37:20,144 [WARN] PackLoader:240 - Cannot read IP mode file for STMicroelectronics.X-CUBE-MEMS1.10.0.0
2024-05-09 12:37:20,461 [WARN] PackLoader:240 - Cannot read IP mode file for STMicroelectronics.X-CUBE-FREERTOS.1.1.0
2024-05-09 12:37:20,467 [WARN] PackLoader:240 - Cannot read IP mode file for portGmbH.I-Cube-SoM-uGOAL.1.1.0
2024-05-09 12:37:20,471 [WARN] PackLoader:240 - Cannot read IP mode file for STMicroelectronics.X-CUBE-ALS.1.0.1
2024-05-09 12:37:20,486 [WARN] PackLoader:240 - Cannot read IP mode file for STMicroelectronics.X-CUBE-AZRTOS-H7RS.1.0.0
2024-05-09 12:37:20,492 [WARN] PackLoader:240 - Cannot read IP mode file for STMicroelectronics.FP-ATR-ASTRA1.2.0.0
2024-05-09 12:37:20,503 [WARN] PackLoader:240 - Cannot read IP mode file for STMicroelectronics.X-CUBE-TOF1.3.4.1
2024-05-09 12:37:20,554 [WARN] PackLoader:240 - Cannot read IP mode file for STMicroelectronics.X-CUBE-AZRTOS-H7.3.2.0
2024-05-09 12:37:20,556 [INFO] ThirdParty:978 - Integrity check success = true
2024-05-09 12:37:20,557 [INFO] IntegrityCheckThread:100 - exiting critical section [integrity check]
2024-05-09 12:37:20,557 [INFO] IntegrityCheckThread:103 - End integrity checks thread
2024-05-09 12:37:21,385 [INFO] WebApp:779 - Register for checkConnection events
2024-05-09 12:37:21,385 [INFO] WebApp:414 - Apply proxy settings
2024-05-09 12:37:21,386 [INFO] WebApp:499 - Chromium requires no authentication
2024-05-09 12:37:21,393 [INFO] WebApp:442 - Direct internet connection detected
2024-05-09 12:37:21,583 [INFO] WebApp:192 - Starting web application
2024-05-09 12:37:21,584 [INFO] WebApp:544 - Web application path used D:\STM32CubeIDE_1.15.0\STM32CubeIDE\plugins\com.st.stm32cube.common.mx_6.11.0.202403141607\db\plugins\mcufinder\reactClient1\index.html
